2020-05-12 12:50:22.3619||DEBUG|AdminCategoryService.Program|init main function 
2020-05-12 12:53:45.5431||INFO|AdminCategoryService.Controllers.AdminServiceController|Returning 31 categories. 
2020-05-12 12:53:45.8356||INFO|AdminCategoryService.Controllers.AdminServiceController|Returning 31 categories. 
2020-05-12 12:53:47.6970||INFO|AdminCategoryService.Controllers.AdminServiceController|fetching  all subcategories 
2020-05-12 12:53:59.8200||INFO|AdminCategoryService.Controllers.AdminServiceController|Returning 31 categories. 
2020-05-12 12:54:01.0960||INFO|AdminCategoryService.Controllers.AdminServiceController|fetching  all subcategories 
2020-05-12 12:54:02.5979||INFO|AdminCategoryService.Controllers.AdminServiceController|Returning 7 users 
2020-05-12 12:54:03.8781||INFO|AdminCategoryService.Controllers.AdminServiceController|Returning 3 sellers 
2020-05-12 12:54:04.5513||INFO|AdminCategoryService.Controllers.AdminServiceController|Returning 7 users 
2020-05-12 12:54:05.3339||INFO|AdminCategoryService.Controllers.AdminServiceController|fetching  all subcategories 
2020-05-12 12:55:21.6714||INFO|AdminCategoryService.Controllers.AdminServiceController|fetching  all subcategories 
2020-05-12 12:55:41.3672||INFO|AdminCategoryService.Controllers.AdminServiceController|Returning 7 users 
2020-05-12 12:55:42.0451||INFO|AdminCategoryService.Controllers.AdminServiceController|fetching  all subcategories 
2020-05-12 12:55:42.7887||INFO|AdminCategoryService.Controllers.AdminServiceController|Returning 31 categories. 
2020-05-12 12:56:59.6962||DEBUG|AdminCategoryService.Program|init main function 
2020-05-12 12:57:00.4784||INFO|AdminCategoryService.Controllers.AdminServiceController|fetching  all subcategories 
2020-05-12 12:57:02.9498||INFO|AdminCategoryService.Controllers.AdminServiceController|Returning 31 categories. 
2020-05-12 12:57:03.0318||INFO|AdminCategoryService.Controllers.AdminServiceController|fetching  all subcategories 
2020-05-12 12:57:03.1178||INFO|AdminCategoryService.Controllers.AdminServiceController|Returning 31 categories. 
2020-05-12 12:57:03.1729||INFO|AdminCategoryService.Controllers.AdminServiceController|Returning 31 categories. 
2020-05-12 12:57:03.2189||INFO|AdminCategoryService.Controllers.AdminServiceController|Returning 31 categories. 
2020-05-12 12:57:03.2539||INFO|AdminCategoryService.Controllers.AdminServiceController|Returning 31 categories. 
2020-05-12 12:57:09.7180||INFO|AdminCategoryService.Controllers.AdminServiceController|Returning 3 sellers 
2020-05-12 12:57:11.6779||INFO|AdminCategoryService.Controllers.AdminServiceController|Returning 7 users 
2020-05-12 12:57:12.8691||INFO|AdminCategoryService.Controllers.AdminServiceController|Returning 31 categories. 
2020-05-12 12:57:24.0719||INFO|AdminCategoryService.Controllers.AdminServiceController|fetching  all subcategories 
2020-05-12 12:57:24.7356||INFO|AdminCategoryService.Controllers.AdminServiceController|Returning 30 categories. 
2020-05-12 12:57:32.2921||INFO|AdminCategoryService.Controllers.AdminServiceController|fetching  all subcategories 
2020-05-12 12:57:32.9106||INFO|AdminCategoryService.Controllers.AdminServiceController|Returning 29 categories. 
2020-05-12 12:57:36.1245||INFO|AdminCategoryService.Controllers.AdminServiceController|fetching  all subcategories 
2020-05-12 12:57:42.3736||INFO|AdminCategoryService.Controllers.AdminServiceController|Returning 29 categories. 
2020-05-12 12:57:42.8596||INFO|AdminCategoryService.Controllers.AdminServiceController|fetching  all subcategories 
2020-05-12 12:58:02.2550||INFO|AdminCategoryService.Controllers.AdminServiceController|Returning 29 categories. 
2020-05-12 12:58:02.9041||INFO|AdminCategoryService.Controllers.AdminServiceController|fetching  all subcategories 
2020-05-12 12:58:09.5608||INFO|AdminCategoryService.Controllers.AdminServiceController|Returning 7 users 
2020-05-12 12:58:10.5004||INFO|AdminCategoryService.Controllers.AdminServiceController|Returning 3 sellers 
2020-05-12 12:58:11.6914||INFO|AdminCategoryService.Controllers.AdminServiceController|fetching  all subcategories 
2020-05-12 12:58:12.1300||INFO|AdminCategoryService.Controllers.AdminServiceController|Returning 29 categories. 
2020-05-12 12:58:12.5462||INFO|AdminCategoryService.Controllers.AdminServiceController|Returning 29 categories. 
2020-05-12 13:06:46.0143||DEBUG|AdminCategoryService.Program|init main function 
2020-05-12 15:17:36.3640||DEBUG|AdminCategoryService.Program|init main function 
2020-05-12 15:20:15.8372||INFO|AdminCategoryService.Controllers.AdminServiceController|fetching categories by id 
