2020-05-09 09:46:26.6562||DEBUG|AdminCategoryService.Program|init main function 
2020-05-09 09:47:43.5197||INFO|AdminCategoryService.Controllers.AdminServiceController|Returning 34 categories. 
2020-05-09 09:49:36.3270||INFO|AdminCategoryService.Controllers.AdminServiceController|Returning 34 categories. 
2020-05-09 09:53:57.4758||INFO|AdminCategoryService.Controllers.AdminServiceController|Returning 7 users 
2020-05-09 10:23:03.4513||DEBUG|AdminCategoryService.Program|init main function 
2020-05-09 10:23:04.5914|1|ERROR|Microsoft.AspNetCore.Diagnostics.ExceptionHandlerMiddleware|An unhandled exception has occurred while executing the request. System.InvalidOperationException: Can't use schemaId "$Category" for type "$AdminCategoryService.Entities.Category". The same schemaId is already used for type "$AdminCategoryService.Models.Category"
   at Swashbuckle.AspNetCore.SwaggerGen.SchemaRepository.ReserveIdFor(Type type, String schemaId)
   at Swashbuckle.AspNetCore.SwaggerGen.SchemaRepository.GetOrAdd(Type type, String schemaId, Func`1 factoryMethod)
   at Swashbuckle.AspNetCore.SwaggerGen.SchemaGenerator.GenerateReferencedSchema(DataContract dataContract, SchemaRepository schemaRepository)
   at Swashbuckle.AspNetCore.SwaggerGen.SchemaGenerator.GenerateSchemaForType(Type type, SchemaRepository schemaRepository)
   at Swashbuckle.AspNetCore.SwaggerGen.SchemaGenerator.GeneratePropertySchema(DataProperty serializerMember, SchemaRepository schemaRepository)
   at Swashbuckle.AspNetCore.SwaggerGen.SchemaGenerator.GenerateObjectSchema(DataContract dataContract, SchemaRepository schemaRepository)
   at Swashbuckle.AspNetCore.SwaggerGen.SchemaGenerator.GenerateInlineSchema(DataContract dataContract, SchemaRepository schemaRepository)
   at Swashbuckle.AspNetCore.SwaggerGen.SchemaGenerator.<>c__DisplayClass7_0.<GenerateReferencedSchema>b__0()
   at Swashbuckle.AspNetCore.SwaggerGen.SchemaRepository.GetOrAdd(Type type, String schemaId, Func`1 factoryMethod)
   at Swashbuckle.AspNetCore.SwaggerGen.SchemaGenerator.GenerateReferencedSchema(DataContract dataContract, SchemaRepository schemaRepository)
   at Swashbuckle.AspNetCore.SwaggerGen.SchemaGenerator.GenerateSchemaForType(Type type, SchemaRepository schemaRepository)
   at Swashbuckle.AspNetCore.SwaggerGen.SchemaGenerator.GenerateSchema(Type type, SchemaRepository schemaRepository, MemberInfo memberInfo, ParameterInfo parameterInfo)
   at Swashbuckle.AspNetCore.SwaggerGen.SwaggerGenerator.GenerateRequestBodyFromBodyParameter(ApiDescription apiDescription, SchemaRepository schemaRepository, ApiParameterDescription bodyParameter)
   at Swashbuckle.AspNetCore.SwaggerGen.SwaggerGenerator.GenerateRequestBody(ApiDescription apiDescription, SchemaRepository schemaRepository)
   at Swashbuckle.AspNetCore.SwaggerGen.SwaggerGenerator.GenerateOperation(ApiDescription apiDescription, SchemaRepository schemaRepository)
   at Swashbuckle.AspNetCore.SwaggerGen.SwaggerGenerator.GenerateOperations(IEnumerable`1 apiDescriptions, SchemaRepository schemaRepository)
   at Swashbuckle.AspNetCore.SwaggerGen.SwaggerGenerator.GeneratePaths(IEnumerable`1 apiDescriptions, SchemaRepository schemaRepository)
   at Swashbuckle.AspNetCore.SwaggerGen.SwaggerGenerator.GetSwagger(String documentName, String host, String basePath)
   at Swashbuckle.AspNetCore.Swagger.SwaggerMiddleware.Invoke(HttpContext httpContext, ISwaggerProvider swaggerProvider)
   at Microsoft.AspNetCore.Authorization.AuthorizationMiddleware.Invoke(HttpContext context)
   at Microsoft.AspNetCore.Diagnostics.ExceptionHandlerMiddleware.<Invoke>g__Awaited|6_0(ExceptionHandlerMiddleware middleware, HttpContext context, Task task)
2020-05-09 10:24:30.6870||DEBUG|AdminCategoryService.Program|init main function 
2020-05-09 10:24:31.8555|1|ERROR|Microsoft.AspNetCore.Diagnostics.ExceptionHandlerMiddleware|An unhandled exception has occurred while executing the request. System.InvalidOperationException: Can't use schemaId "$Category" for type "$AdminCategoryService.Entities.Category". The same schemaId is already used for type "$AdminCategoryService.Models.Category"
   at Swashbuckle.AspNetCore.SwaggerGen.SchemaRepository.ReserveIdFor(Type type, String schemaId)
   at Swashbuckle.AspNetCore.SwaggerGen.SchemaRepository.GetOrAdd(Type type, String schemaId, Func`1 factoryMethod)
   at Swashbuckle.AspNetCore.SwaggerGen.SchemaGenerator.GenerateReferencedSchema(DataContract dataContract, SchemaRepository schemaRepository)
   at Swashbuckle.AspNetCore.SwaggerGen.SchemaGenerator.GenerateSchemaForType(Type type, SchemaRepository schemaRepository)
   at Swashbuckle.AspNetCore.SwaggerGen.SchemaGenerator.GeneratePropertySchema(DataProperty serializerMember, SchemaRepository schemaRepository)
   at Swashbuckle.AspNetCore.SwaggerGen.SchemaGenerator.GenerateObjectSchema(DataContract dataContract, SchemaRepository schemaRepository)
   at Swashbuckle.AspNetCore.SwaggerGen.SchemaGenerator.GenerateInlineSchema(DataContract dataContract, SchemaRepository schemaRepository)
   at Swashbuckle.AspNetCore.SwaggerGen.SchemaGenerator.<>c__DisplayClass7_0.<GenerateReferencedSchema>b__0()
   at Swashbuckle.AspNetCore.SwaggerGen.SchemaRepository.GetOrAdd(Type type, String schemaId, Func`1 factoryMethod)
   at Swashbuckle.AspNetCore.SwaggerGen.SchemaGenerator.GenerateReferencedSchema(DataContract dataContract, SchemaRepository schemaRepository)
   at Swashbuckle.AspNetCore.SwaggerGen.SchemaGenerator.GenerateSchemaForType(Type type, SchemaRepository schemaRepository)
   at Swashbuckle.AspNetCore.SwaggerGen.SchemaGenerator.GenerateSchema(Type type, SchemaRepository schemaRepository, MemberInfo memberInfo, ParameterInfo parameterInfo)
   at Swashbuckle.AspNetCore.SwaggerGen.SwaggerGenerator.GenerateRequestBodyFromBodyParameter(ApiDescription apiDescription, SchemaRepository schemaRepository, ApiParameterDescription bodyParameter)
   at Swashbuckle.AspNetCore.SwaggerGen.SwaggerGenerator.GenerateRequestBody(ApiDescription apiDescription, SchemaRepository schemaRepository)
   at Swashbuckle.AspNetCore.SwaggerGen.SwaggerGenerator.GenerateOperation(ApiDescription apiDescription, SchemaRepository schemaRepository)
   at Swashbuckle.AspNetCore.SwaggerGen.SwaggerGenerator.GenerateOperations(IEnumerable`1 apiDescriptions, SchemaRepository schemaRepository)
   at Swashbuckle.AspNetCore.SwaggerGen.SwaggerGenerator.GeneratePaths(IEnumerable`1 apiDescriptions, SchemaRepository schemaRepository)
   at Swashbuckle.AspNetCore.SwaggerGen.SwaggerGenerator.GetSwagger(String documentName, String host, String basePath)
   at Swashbuckle.AspNetCore.Swagger.SwaggerMiddleware.Invoke(HttpContext httpContext, ISwaggerProvider swaggerProvider)
   at Microsoft.AspNetCore.Authorization.AuthorizationMiddleware.Invoke(HttpContext context)
   at Microsoft.AspNetCore.Diagnostics.ExceptionHandlerMiddleware.<Invoke>g__Awaited|6_0(ExceptionHandlerMiddleware middleware, HttpContext context, Task task)
2020-05-09 10:24:56.3056|1|ERROR|Microsoft.AspNetCore.Diagnostics.ExceptionHandlerMiddleware|An unhandled exception has occurred while executing the request. System.InvalidOperationException: Can't use schemaId "$Category" for type "$AdminCategoryService.Entities.Category". The same schemaId is already used for type "$AdminCategoryService.Models.Category"
   at Swashbuckle.AspNetCore.SwaggerGen.SchemaRepository.ReserveIdFor(Type type, String schemaId)
   at Swashbuckle.AspNetCore.SwaggerGen.SchemaRepository.GetOrAdd(Type type, String schemaId, Func`1 factoryMethod)
   at Swashbuckle.AspNetCore.SwaggerGen.SchemaGenerator.GenerateReferencedSchema(DataContract dataContract, SchemaRepository schemaRepository)
   at Swashbuckle.AspNetCore.SwaggerGen.SchemaGenerator.GenerateSchemaForType(Type type, SchemaRepository schemaRepository)
   at Swashbuckle.AspNetCore.SwaggerGen.SchemaGenerator.GeneratePropertySchema(DataProperty serializerMember, SchemaRepository schemaRepository)
   at Swashbuckle.AspNetCore.SwaggerGen.SchemaGenerator.GenerateObjectSchema(DataContract dataContract, SchemaRepository schemaRepository)
   at Swashbuckle.AspNetCore.SwaggerGen.SchemaGenerator.GenerateInlineSchema(DataContract dataContract, SchemaRepository schemaRepository)
   at Swashbuckle.AspNetCore.SwaggerGen.SchemaGenerator.<>c__DisplayClass7_0.<GenerateReferencedSchema>b__0()
   at Swashbuckle.AspNetCore.SwaggerGen.SchemaRepository.GetOrAdd(Type type, String schemaId, Func`1 factoryMethod)
   at Swashbuckle.AspNetCore.SwaggerGen.SchemaGenerator.GenerateReferencedSchema(DataContract dataContract, SchemaRepository schemaRepository)
   at Swashbuckle.AspNetCore.SwaggerGen.SchemaGenerator.GenerateSchemaForType(Type type, SchemaRepository schemaRepository)
   at Swashbuckle.AspNetCore.SwaggerGen.SchemaGenerator.GenerateSchema(Type type, SchemaRepository schemaRepository, MemberInfo memberInfo, ParameterInfo parameterInfo)
   at Swashbuckle.AspNetCore.SwaggerGen.SwaggerGenerator.GenerateRequestBodyFromBodyParameter(ApiDescription apiDescription, SchemaRepository schemaRepository, ApiParameterDescription bodyParameter)
   at Swashbuckle.AspNetCore.SwaggerGen.SwaggerGenerator.GenerateRequestBody(ApiDescription apiDescription, SchemaRepository schemaRepository)
   at Swashbuckle.AspNetCore.SwaggerGen.SwaggerGenerator.GenerateOperation(ApiDescription apiDescription, SchemaRepository schemaRepository)
   at Swashbuckle.AspNetCore.SwaggerGen.SwaggerGenerator.GenerateOperations(IEnumerable`1 apiDescriptions, SchemaRepository schemaRepository)
   at Swashbuckle.AspNetCore.SwaggerGen.SwaggerGenerator.GeneratePaths(IEnumerable`1 apiDescriptions, SchemaRepository schemaRepository)
   at Swashbuckle.AspNetCore.SwaggerGen.SwaggerGenerator.GetSwagger(String documentName, String host, String basePath)
   at Swashbuckle.AspNetCore.Swagger.SwaggerMiddleware.Invoke(HttpContext httpContext, ISwaggerProvider swaggerProvider)
   at Microsoft.AspNetCore.Authorization.AuthorizationMiddleware.Invoke(HttpContext context)
   at Microsoft.AspNetCore.Diagnostics.ExceptionHandlerMiddleware.<Invoke>g__Awaited|6_0(ExceptionHandlerMiddleware middleware, HttpContext context, Task task)
2020-05-09 10:25:26.0930||INFO|AdminCategoryService.Controllers.AdminServiceController|Returning 37 categories. 
2020-05-09 10:27:53.7735|20102|ERROR|Microsoft.EntityFrameworkCore.Database.Command|Failed executing DbCommand (108ms) [Parameters=[@p0='?' (DbType = Int32), @p1='?' (Size = 20) (DbType = AnsiString), @p2='?' (Size = 20) (DbType = AnsiString)], CommandType='Text', CommandTimeout='30']
SET NOCOUNT ON;
INSERT INTO [Category] ([cid], [cdetails], [cname])
VALUES (@p0, @p1, @p2); 
2020-05-09 10:27:54.1781|10000|ERROR|Microsoft.EntityFrameworkCore.Update|An exception occurred in the database while saving changes for context type 'AdminCategoryService.Entities.EmartDBContext'.
Microsoft.EntityFrameworkCore.DbUpdateException: An error occurred while updating the entries. See the inner exception for details.
 ---> Microsoft.Data.SqlClient.SqlException (0x80131904): Cannot insert the value NULL into column 'cname', table 'EmartDB.dbo.Category'; column does not allow nulls. INSERT fails.
The statement has been terminated.
   at Microsoft.Data.SqlClient.SqlCommand.<>c.<ExecuteDbDataReaderAsync>b__164_0(Task`1 result)
   at System.Threading.Tasks.ContinuationResultTaskFromResultTask`2.InnerInvoke()
   at System.Threading.Tasks.Task.<>c.<.cctor>b__274_0(Object obj)
   at System.Threading.ExecutionContext.RunInternal(ExecutionContext executionContext, ContextCallback callback, Object state)
--- End of stack trace from previous location where exception was thrown ---
   at System.Threading.ExecutionContext.RunInternal(ExecutionContext executionContext, ContextCallback callback, Object state)
   at System.Threading.Tasks.Task.ExecuteWithThreadLocal(Task& currentTaskSlot, Thread threadPoolThread)
--- End of stack trace from previous location where exception was thrown ---
   at Microsoft.EntityFrameworkCore.Storage.RelationalCommand.ExecuteReaderAsync(RelationalCommandParameterObject parameterObject, CancellationToken cancellationToken)
   at Microsoft.EntityFrameworkCore.Storage.RelationalCommand.ExecuteReaderAsync(RelationalCommandParameterObject parameterObject, CancellationToken cancellationToken)
   at Microsoft.EntityFrameworkCore.Storage.RelationalCommand.ExecuteReaderAsync(RelationalCommandParameterObject parameterObject, CancellationToken cancellationToken)
   at Microsoft.EntityFrameworkCore.Update.ReaderModificationCommandBatch.ExecuteAsync(IRelationalConnection connection, CancellationToken cancellationToken)
ClientConnectionId:3cf2583c-8d5a-4555-abc6-ff7491a274a7
Error Number:515,State:2,Class:16
   --- End of inner exception stack trace ---
   at Microsoft.EntityFrameworkCore.Update.ReaderModificationCommandBatch.ExecuteAsync(IRelationalConnection connection, CancellationToken cancellationToken)
   at Microsoft.EntityFrameworkCore.Update.Internal.BatchExecutor.ExecuteAsync(IEnumerable`1 commandBatches, IRelationalConnection connection, CancellationToken cancellationToken)
   at Microsoft.EntityFrameworkCore.Update.Internal.BatchExecutor.ExecuteAsync(IEnumerable`1 commandBatches, IRelationalConnection connection, CancellationToken cancellationToken)
   at Microsoft.EntityFrameworkCore.ChangeTracking.Internal.StateManager.SaveChangesAsync(IList`1 entriesToSave, CancellationToken cancellationToken)
   at Microsoft.EntityFrameworkCore.ChangeTracking.Internal.StateManager.SaveChangesAsync(DbContext _, Boolean acceptAllChangesOnSuccess, CancellationToken cancellationToken)
   at Microsoft.EntityFrameworkCore.SqlServer.Storage.Internal.SqlServerExecutionStrategy.ExecuteAsync[TState,TResult](TState state, Func`4 operation, Func`4 verifySucceeded, CancellationToken cancellationToken)
   at Microsoft.EntityFrameworkCore.DbContext.SaveChangesAsync(Boolean acceptAllChangesOnSuccess, CancellationToken cancellationToken) Microsoft.EntityFrameworkCore.DbUpdateException: An error occurred while updating the entries. See the inner exception for details.
 ---> Microsoft.Data.SqlClient.SqlException (0x80131904): Cannot insert the value NULL into column 'cname', table 'EmartDB.dbo.Category'; column does not allow nulls. INSERT fails.
The statement has been terminated.
   at Microsoft.Data.SqlClient.SqlCommand.<>c.<ExecuteDbDataReaderAsync>b__164_0(Task`1 result)
   at System.Threading.Tasks.ContinuationResultTaskFromResultTask`2.InnerInvoke()
   at System.Threading.Tasks.Task.<>c.<.cctor>b__274_0(Object obj)
   at System.Threading.ExecutionContext.RunInternal(ExecutionContext executionContext, ContextCallback callback, Object state)
--- End of stack trace from previous location where exception was thrown ---
   at System.Threading.ExecutionContext.RunInternal(ExecutionContext executionContext, ContextCallback callback, Object state)
   at System.Threading.Tasks.Task.ExecuteWithThreadLocal(Task& currentTaskSlot, Thread threadPoolThread)
--- End of stack trace from previous location where exception was thrown ---
   at Microsoft.EntityFrameworkCore.Storage.RelationalCommand.ExecuteReaderAsync(RelationalCommandParameterObject parameterObject, CancellationToken cancellationToken)
   at Microsoft.EntityFrameworkCore.Storage.RelationalCommand.ExecuteReaderAsync(RelationalCommandParameterObject parameterObject, CancellationToken cancellationToken)
   at Microsoft.EntityFrameworkCore.Storage.RelationalCommand.ExecuteReaderAsync(RelationalCommandParameterObject parameterObject, CancellationToken cancellationToken)
   at Microsoft.EntityFrameworkCore.Update.ReaderModificationCommandBatch.ExecuteAsync(IRelationalConnection connection, CancellationToken cancellationToken)
ClientConnectionId:3cf2583c-8d5a-4555-abc6-ff7491a274a7
Error Number:515,State:2,Class:16
   --- End of inner exception stack trace ---
   at Microsoft.EntityFrameworkCore.Update.ReaderModificationCommandBatch.ExecuteAsync(IRelationalConnection connection, CancellationToken cancellationToken)
   at Microsoft.EntityFrameworkCore.Update.Internal.BatchExecutor.ExecuteAsync(IEnumerable`1 commandBatches, IRelationalConnection connection, CancellationToken cancellationToken)
   at Microsoft.EntityFrameworkCore.Update.Internal.BatchExecutor.ExecuteAsync(IEnumerable`1 commandBatches, IRelationalConnection connection, CancellationToken cancellationToken)
   at Microsoft.EntityFrameworkCore.ChangeTracking.Internal.StateManager.SaveChangesAsync(IList`1 entriesToSave, CancellationToken cancellationToken)
   at Microsoft.EntityFrameworkCore.ChangeTracking.Internal.StateManager.SaveChangesAsync(DbContext _, Boolean acceptAllChangesOnSuccess, CancellationToken cancellationToken)
   at Microsoft.EntityFrameworkCore.SqlServer.Storage.Internal.SqlServerExecutionStrategy.ExecuteAsync[TState,TResult](TState state, Func`4 operation, Func`4 verifySucceeded, CancellationToken cancellationToken)
   at Microsoft.EntityFrameworkCore.DbContext.SaveChangesAsync(Boolean acceptAllChangesOnSuccess, CancellationToken cancellationToken)
2020-05-09 10:27:54.2124|1|ERROR|Microsoft.AspNetCore.Diagnostics.ExceptionHandlerMiddleware|An unhandled exception has occurred while executing the request. Microsoft.EntityFrameworkCore.DbUpdateException: An error occurred while updating the entries. See the inner exception for details.
 ---> Microsoft.Data.SqlClient.SqlException (0x80131904): Cannot insert the value NULL into column 'cname', table 'EmartDB.dbo.Category'; column does not allow nulls. INSERT fails.
The statement has been terminated.
   at Microsoft.Data.SqlClient.SqlCommand.<>c.<ExecuteDbDataReaderAsync>b__164_0(Task`1 result)
   at System.Threading.Tasks.ContinuationResultTaskFromResultTask`2.InnerInvoke()
   at System.Threading.Tasks.Task.<>c.<.cctor>b__274_0(Object obj)
   at System.Threading.ExecutionContext.RunInternal(ExecutionContext executionContext, ContextCallback callback, Object state)
--- End of stack trace from previous location where exception was thrown ---
   at System.Threading.ExecutionContext.RunInternal(ExecutionContext executionContext, ContextCallback callback, Object state)
   at System.Threading.Tasks.Task.ExecuteWithThreadLocal(Task& currentTaskSlot, Thread threadPoolThread)
--- End of stack trace from previous location where exception was thrown ---
   at Microsoft.EntityFrameworkCore.Storage.RelationalCommand.ExecuteReaderAsync(RelationalCommandParameterObject parameterObject, CancellationToken cancellationToken)
   at Microsoft.EntityFrameworkCore.Storage.RelationalCommand.ExecuteReaderAsync(RelationalCommandParameterObject parameterObject, CancellationToken cancellationToken)
   at Microsoft.EntityFrameworkCore.Storage.RelationalCommand.ExecuteReaderAsync(RelationalCommandParameterObject parameterObject, CancellationToken cancellationToken)
   at Microsoft.EntityFrameworkCore.Update.ReaderModificationCommandBatch.ExecuteAsync(IRelationalConnection connection, CancellationToken cancellationToken)
ClientConnectionId:3cf2583c-8d5a-4555-abc6-ff7491a274a7
Error Number:515,State:2,Class:16
   --- End of inner exception stack trace ---
   at AdminCategoryService.Manager.AdminManager.AddCategory(Category obj) in G:\CTS45\angular\EmartApi\AdminCategoryService\AdminCategoryService\Manager\AdminManager.cs:line 32
   at AdminCategoryService.Controllers.AdminServiceController.Addcategory(Category obj) in G:\CTS45\angular\EmartApi\AdminCategoryService\AdminCategoryService\Controllers\AdminServiceController.cs:line 34
   at Microsoft.AspNetCore.Mvc.Infrastructure.ActionMethodExecutor.TaskOfIActionResultExecutor.Execute(IActionResultTypeMapper mapper, ObjectMethodExecutor executor, Object controller, Object[] arguments)
   at Microsoft.AspNetCore.Mvc.Infrastructure.ControllerActionInvoker.<InvokeActionMethodAsync>g__Awaited|12_0(ControllerActionInvoker invoker, ValueTask`1 actionResultValueTask)
   at Microsoft.AspNetCore.Mvc.Infrastructure.ControllerActionInvoker.<InvokeNextActionFilterAsync>g__Awaited|10_0(ControllerActionInvoker invoker, Task lastTask, State next, Scope scope, Object state, Boolean isCompleted)
   at Microsoft.AspNetCore.Mvc.Infrastructure.ControllerActionInvoker.Rethrow(ActionExecutedContextSealed context)
   at Microsoft.AspNetCore.Mvc.Infrastructure.ControllerActionInvoker.Next(State& next, Scope& scope, Object& state, Boolean& isCompleted)
   at Microsoft.AspNetCore.Mvc.Infrastructure.ControllerActionInvoker.<InvokeInnerFilterAsync>g__Awaited|13_0(ControllerActionInvoker invoker, Task lastTask, State next, Scope scope, Object state, Boolean isCompleted)
   at Microsoft.AspNetCore.Mvc.Infrastructure.ResourceInvoker.<InvokeNextResourceFilter>g__Awaited|24_0(ResourceInvoker invoker, Task lastTask, State next, Scope scope, Object state, Boolean isCompleted)
   at Microsoft.AspNetCore.Mvc.Infrastructure.ResourceInvoker.Rethrow(ResourceExecutedContextSealed context)
   at Microsoft.AspNetCore.Mvc.Infrastructure.ResourceInvoker.Next(State& next, Scope& scope, Object& state, Boolean& isCompleted)
   at Microsoft.AspNetCore.Mvc.Infrastructure.ResourceInvoker.<InvokeFilterPipelineAsync>g__Awaited|19_0(ResourceInvoker invoker, Task lastTask, State next, Scope scope, Object state, Boolean isCompleted)
   at Microsoft.AspNetCore.Mvc.Infrastructure.ResourceInvoker.<InvokeAsync>g__Awaited|17_0(ResourceInvoker invoker, Task task, IDisposable scope)
   at Microsoft.AspNetCore.Routing.EndpointMiddleware.<Invoke>g__AwaitRequestTask|6_0(Endpoint endpoint, Task requestTask, ILogger logger)
   at Microsoft.AspNetCore.Authorization.AuthorizationMiddleware.Invoke(HttpContext context)
   at Microsoft.AspNetCore.Diagnostics.ExceptionHandlerMiddleware.<Invoke>g__Awaited|6_0(ExceptionHandlerMiddleware middleware, HttpContext context, Task task)
2020-05-09 10:29:53.1561||DEBUG|AdminCategoryService.Program|init main function 
2020-05-09 10:29:55.1914|1|ERROR|Microsoft.AspNetCore.Diagnostics.ExceptionHandlerMiddleware|An unhandled exception has occurred while executing the request. System.InvalidOperationException: Can't use schemaId "$Category" for type "$AdminCategoryService.Entities.Category". The same schemaId is already used for type "$AdminCategoryService.Models.Category"
   at Swashbuckle.AspNetCore.SwaggerGen.SchemaRepository.ReserveIdFor(Type type, String schemaId)
   at Swashbuckle.AspNetCore.SwaggerGen.SchemaRepository.GetOrAdd(Type type, String schemaId, Func`1 factoryMethod)
   at Swashbuckle.AspNetCore.SwaggerGen.SchemaGenerator.GenerateReferencedSchema(DataContract dataContract, SchemaRepository schemaRepository)
   at Swashbuckle.AspNetCore.SwaggerGen.SchemaGenerator.GenerateSchemaForType(Type type, SchemaRepository schemaRepository)
   at Swashbuckle.AspNetCore.SwaggerGen.SchemaGenerator.GeneratePropertySchema(DataProperty serializerMember, SchemaRepository schemaRepository)
   at Swashbuckle.AspNetCore.SwaggerGen.SchemaGenerator.GenerateObjectSchema(DataContract dataContract, SchemaRepository schemaRepository)
   at Swashbuckle.AspNetCore.SwaggerGen.SchemaGenerator.GenerateInlineSchema(DataContract dataContract, SchemaRepository schemaRepository)
   at Swashbuckle.AspNetCore.SwaggerGen.SchemaGenerator.<>c__DisplayClass7_0.<GenerateReferencedSchema>b__0()
   at Swashbuckle.AspNetCore.SwaggerGen.SchemaRepository.GetOrAdd(Type type, String schemaId, Func`1 factoryMethod)
   at Swashbuckle.AspNetCore.SwaggerGen.SchemaGenerator.GenerateReferencedSchema(DataContract dataContract, SchemaRepository schemaRepository)
   at Swashbuckle.AspNetCore.SwaggerGen.SchemaGenerator.GenerateSchemaForType(Type type, SchemaRepository schemaRepository)
   at Swashbuckle.AspNetCore.SwaggerGen.SchemaGenerator.GenerateSchema(Type type, SchemaRepository schemaRepository, MemberInfo memberInfo, ParameterInfo parameterInfo)
   at Swashbuckle.AspNetCore.SwaggerGen.SwaggerGenerator.GenerateRequestBodyFromBodyParameter(ApiDescription apiDescription, SchemaRepository schemaRepository, ApiParameterDescription bodyParameter)
   at Swashbuckle.AspNetCore.SwaggerGen.SwaggerGenerator.GenerateRequestBody(ApiDescription apiDescription, SchemaRepository schemaRepository)
   at Swashbuckle.AspNetCore.SwaggerGen.SwaggerGenerator.GenerateOperation(ApiDescription apiDescription, SchemaRepository schemaRepository)
   at Swashbuckle.AspNetCore.SwaggerGen.SwaggerGenerator.GenerateOperations(IEnumerable`1 apiDescriptions, SchemaRepository schemaRepository)
   at Swashbuckle.AspNetCore.SwaggerGen.SwaggerGenerator.GeneratePaths(IEnumerable`1 apiDescriptions, SchemaRepository schemaRepository)
   at Swashbuckle.AspNetCore.SwaggerGen.SwaggerGenerator.GetSwagger(String documentName, String host, String basePath)
   at Swashbuckle.AspNetCore.Swagger.SwaggerMiddleware.Invoke(HttpContext httpContext, ISwaggerProvider swaggerProvider)
   at Microsoft.AspNetCore.Authorization.AuthorizationMiddleware.Invoke(HttpContext context)
   at Microsoft.AspNetCore.Diagnostics.ExceptionHandlerMiddleware.<Invoke>g__Awaited|6_0(ExceptionHandlerMiddleware middleware, HttpContext context, Task task)
2020-05-09 10:30:35.3708|1|ERROR|Microsoft.AspNetCore.Diagnostics.ExceptionHandlerMiddleware|An unhandled exception has occurred while executing the request. System.InvalidOperationException: Can't use schemaId "$Category" for type "$AdminCategoryService.Entities.Category". The same schemaId is already used for type "$AdminCategoryService.Models.Category"
   at Swashbuckle.AspNetCore.SwaggerGen.SchemaRepository.ReserveIdFor(Type type, String schemaId)
   at Swashbuckle.AspNetCore.SwaggerGen.SchemaRepository.GetOrAdd(Type type, String schemaId, Func`1 factoryMethod)
   at Swashbuckle.AspNetCore.SwaggerGen.SchemaGenerator.GenerateReferencedSchema(DataContract dataContract, SchemaRepository schemaRepository)
   at Swashbuckle.AspNetCore.SwaggerGen.SchemaGenerator.GenerateSchemaForType(Type type, SchemaRepository schemaRepository)
   at Swashbuckle.AspNetCore.SwaggerGen.SchemaGenerator.GeneratePropertySchema(DataProperty serializerMember, SchemaRepository schemaRepository)
   at Swashbuckle.AspNetCore.SwaggerGen.SchemaGenerator.GenerateObjectSchema(DataContract dataContract, SchemaRepository schemaRepository)
   at Swashbuckle.AspNetCore.SwaggerGen.SchemaGenerator.GenerateInlineSchema(DataContract dataContract, SchemaRepository schemaRepository)
   at Swashbuckle.AspNetCore.SwaggerGen.SchemaGenerator.<>c__DisplayClass7_0.<GenerateReferencedSchema>b__0()
   at Swashbuckle.AspNetCore.SwaggerGen.SchemaRepository.GetOrAdd(Type type, String schemaId, Func`1 factoryMethod)
   at Swashbuckle.AspNetCore.SwaggerGen.SchemaGenerator.GenerateReferencedSchema(DataContract dataContract, SchemaRepository schemaRepository)
   at Swashbuckle.AspNetCore.SwaggerGen.SchemaGenerator.GenerateSchemaForType(Type type, SchemaRepository schemaRepository)
   at Swashbuckle.AspNetCore.SwaggerGen.SchemaGenerator.GenerateSchema(Type type, SchemaRepository schemaRepository, MemberInfo memberInfo, ParameterInfo parameterInfo)
   at Swashbuckle.AspNetCore.SwaggerGen.SwaggerGenerator.GenerateRequestBodyFromBodyParameter(ApiDescription apiDescription, SchemaRepository schemaRepository, ApiParameterDescription bodyParameter)
   at Swashbuckle.AspNetCore.SwaggerGen.SwaggerGenerator.GenerateRequestBody(ApiDescription apiDescription, SchemaRepository schemaRepository)
   at Swashbuckle.AspNetCore.SwaggerGen.SwaggerGenerator.GenerateOperation(ApiDescription apiDescription, SchemaRepository schemaRepository)
   at Swashbuckle.AspNetCore.SwaggerGen.SwaggerGenerator.GenerateOperations(IEnumerable`1 apiDescriptions, SchemaRepository schemaRepository)
   at Swashbuckle.AspNetCore.SwaggerGen.SwaggerGenerator.GeneratePaths(IEnumerable`1 apiDescriptions, SchemaRepository schemaRepository)
   at Swashbuckle.AspNetCore.SwaggerGen.SwaggerGenerator.GetSwagger(String documentName, String host, String basePath)
   at Swashbuckle.AspNetCore.Swagger.SwaggerMiddleware.Invoke(HttpContext httpContext, ISwaggerProvider swaggerProvider)
   at Microsoft.AspNetCore.Authorization.AuthorizationMiddleware.Invoke(HttpContext context)
   at Microsoft.AspNetCore.Diagnostics.ExceptionHandlerMiddleware.<Invoke>g__Awaited|6_0(ExceptionHandlerMiddleware middleware, HttpContext context, Task task)
2020-05-09 10:31:19.2585|20102|ERROR|Microsoft.EntityFrameworkCore.Database.Command|Failed executing DbCommand (81ms) [Parameters=[@p0='?' (DbType = Int32), @p1='?' (Size = 20) (DbType = AnsiString), @p2='?' (Size = 20) (DbType = AnsiString)], CommandType='Text', CommandTimeout='30']
SET NOCOUNT ON;
INSERT INTO [Category] ([cid], [cdetails], [cname])
VALUES (@p0, @p1, @p2); 
2020-05-09 10:31:19.3172|10000|ERROR|Microsoft.EntityFrameworkCore.Update|An exception occurred in the database while saving changes for context type 'AdminCategoryService.Entities.EmartDBContext'.
Microsoft.EntityFrameworkCore.DbUpdateException: An error occurred while updating the entries. See the inner exception for details.
 ---> Microsoft.Data.SqlClient.SqlException (0x80131904): Cannot insert the value NULL into column 'cname', table 'EmartDB.dbo.Category'; column does not allow nulls. INSERT fails.
The statement has been terminated.
   at Microsoft.Data.SqlClient.SqlCommand.<>c.<ExecuteDbDataReaderAsync>b__164_0(Task`1 result)
   at System.Threading.Tasks.ContinuationResultTaskFromResultTask`2.InnerInvoke()
   at System.Threading.Tasks.Task.<>c.<.cctor>b__274_0(Object obj)
   at System.Threading.ExecutionContext.RunInternal(ExecutionContext executionContext, ContextCallback callback, Object state)
--- End of stack trace from previous location where exception was thrown ---
   at System.Threading.ExecutionContext.RunInternal(ExecutionContext executionContext, ContextCallback callback, Object state)
   at System.Threading.Tasks.Task.ExecuteWithThreadLocal(Task& currentTaskSlot, Thread threadPoolThread)
--- End of stack trace from previous location where exception was thrown ---
   at Microsoft.EntityFrameworkCore.Storage.RelationalCommand.ExecuteReaderAsync(RelationalCommandParameterObject parameterObject, CancellationToken cancellationToken)
   at Microsoft.EntityFrameworkCore.Storage.RelationalCommand.ExecuteReaderAsync(RelationalCommandParameterObject parameterObject, CancellationToken cancellationToken)
   at Microsoft.EntityFrameworkCore.Storage.RelationalCommand.ExecuteReaderAsync(RelationalCommandParameterObject parameterObject, CancellationToken cancellationToken)
   at Microsoft.EntityFrameworkCore.Update.ReaderModificationCommandBatch.ExecuteAsync(IRelationalConnection connection, CancellationToken cancellationToken)
ClientConnectionId:3986909e-1665-4497-910a-efeebd20e8a7
Error Number:515,State:2,Class:16
   --- End of inner exception stack trace ---
   at Microsoft.EntityFrameworkCore.Update.ReaderModificationCommandBatch.ExecuteAsync(IRelationalConnection connection, CancellationToken cancellationToken)
   at Microsoft.EntityFrameworkCore.Update.Internal.BatchExecutor.ExecuteAsync(IEnumerable`1 commandBatches, IRelationalConnection connection, CancellationToken cancellationToken)
   at Microsoft.EntityFrameworkCore.Update.Internal.BatchExecutor.ExecuteAsync(IEnumerable`1 commandBatches, IRelationalConnection connection, CancellationToken cancellationToken)
   at Microsoft.EntityFrameworkCore.ChangeTracking.Internal.StateManager.SaveChangesAsync(IList`1 entriesToSave, CancellationToken cancellationToken)
   at Microsoft.EntityFrameworkCore.ChangeTracking.Internal.StateManager.SaveChangesAsync(DbContext _, Boolean acceptAllChangesOnSuccess, CancellationToken cancellationToken)
   at Microsoft.EntityFrameworkCore.SqlServer.Storage.Internal.SqlServerExecutionStrategy.ExecuteAsync[TState,TResult](TState state, Func`4 operation, Func`4 verifySucceeded, CancellationToken cancellationToken)
   at Microsoft.EntityFrameworkCore.DbContext.SaveChangesAsync(Boolean acceptAllChangesOnSuccess, CancellationToken cancellationToken) Microsoft.EntityFrameworkCore.DbUpdateException: An error occurred while updating the entries. See the inner exception for details.
 ---> Microsoft.Data.SqlClient.SqlException (0x80131904): Cannot insert the value NULL into column 'cname', table 'EmartDB.dbo.Category'; column does not allow nulls. INSERT fails.
The statement has been terminated.
   at Microsoft.Data.SqlClient.SqlCommand.<>c.<ExecuteDbDataReaderAsync>b__164_0(Task`1 result)
   at System.Threading.Tasks.ContinuationResultTaskFromResultTask`2.InnerInvoke()
   at System.Threading.Tasks.Task.<>c.<.cctor>b__274_0(Object obj)
   at System.Threading.ExecutionContext.RunInternal(ExecutionContext executionContext, ContextCallback callback, Object state)
--- End of stack trace from previous location where exception was thrown ---
   at System.Threading.ExecutionContext.RunInternal(ExecutionContext executionContext, ContextCallback callback, Object state)
   at System.Threading.Tasks.Task.ExecuteWithThreadLocal(Task& currentTaskSlot, Thread threadPoolThread)
--- End of stack trace from previous location where exception was thrown ---
   at Microsoft.EntityFrameworkCore.Storage.RelationalCommand.ExecuteReaderAsync(RelationalCommandParameterObject parameterObject, CancellationToken cancellationToken)
   at Microsoft.EntityFrameworkCore.Storage.RelationalCommand.ExecuteReaderAsync(RelationalCommandParameterObject parameterObject, CancellationToken cancellationToken)
   at Microsoft.EntityFrameworkCore.Storage.RelationalCommand.ExecuteReaderAsync(RelationalCommandParameterObject parameterObject, CancellationToken cancellationToken)
   at Microsoft.EntityFrameworkCore.Update.ReaderModificationCommandBatch.ExecuteAsync(IRelationalConnection connection, CancellationToken cancellationToken)
ClientConnectionId:3986909e-1665-4497-910a-efeebd20e8a7
Error Number:515,State:2,Class:16
   --- End of inner exception stack trace ---
   at Microsoft.EntityFrameworkCore.Update.ReaderModificationCommandBatch.ExecuteAsync(IRelationalConnection connection, CancellationToken cancellationToken)
   at Microsoft.EntityFrameworkCore.Update.Internal.BatchExecutor.ExecuteAsync(IEnumerable`1 commandBatches, IRelationalConnection connection, CancellationToken cancellationToken)
   at Microsoft.EntityFrameworkCore.Update.Internal.BatchExecutor.ExecuteAsync(IEnumerable`1 commandBatches, IRelationalConnection connection, CancellationToken cancellationToken)
   at Microsoft.EntityFrameworkCore.ChangeTracking.Internal.StateManager.SaveChangesAsync(IList`1 entriesToSave, CancellationToken cancellationToken)
   at Microsoft.EntityFrameworkCore.ChangeTracking.Internal.StateManager.SaveChangesAsync(DbContext _, Boolean acceptAllChangesOnSuccess, CancellationToken cancellationToken)
   at Microsoft.EntityFrameworkCore.SqlServer.Storage.Internal.SqlServerExecutionStrategy.ExecuteAsync[TState,TResult](TState state, Func`4 operation, Func`4 verifySucceeded, CancellationToken cancellationToken)
   at Microsoft.EntityFrameworkCore.DbContext.SaveChangesAsync(Boolean acceptAllChangesOnSuccess, CancellationToken cancellationToken)
2020-05-09 10:31:19.3318|1|ERROR|Microsoft.AspNetCore.Diagnostics.ExceptionHandlerMiddleware|An unhandled exception has occurred while executing the request. Microsoft.EntityFrameworkCore.DbUpdateException: An error occurred while updating the entries. See the inner exception for details.
 ---> Microsoft.Data.SqlClient.SqlException (0x80131904): Cannot insert the value NULL into column 'cname', table 'EmartDB.dbo.Category'; column does not allow nulls. INSERT fails.
The statement has been terminated.
   at Microsoft.Data.SqlClient.SqlCommand.<>c.<ExecuteDbDataReaderAsync>b__164_0(Task`1 result)
   at System.Threading.Tasks.ContinuationResultTaskFromResultTask`2.InnerInvoke()
   at System.Threading.Tasks.Task.<>c.<.cctor>b__274_0(Object obj)
   at System.Threading.ExecutionContext.RunInternal(ExecutionContext executionContext, ContextCallback callback, Object state)
--- End of stack trace from previous location where exception was thrown ---
   at System.Threading.ExecutionContext.RunInternal(ExecutionContext executionContext, ContextCallback callback, Object state)
   at System.Threading.Tasks.Task.ExecuteWithThreadLocal(Task& currentTaskSlot, Thread threadPoolThread)
--- End of stack trace from previous location where exception was thrown ---
   at Microsoft.EntityFrameworkCore.Storage.RelationalCommand.ExecuteReaderAsync(RelationalCommandParameterObject parameterObject, CancellationToken cancellationToken)
   at Microsoft.EntityFrameworkCore.Storage.RelationalCommand.ExecuteReaderAsync(RelationalCommandParameterObject parameterObject, CancellationToken cancellationToken)
   at Microsoft.EntityFrameworkCore.Storage.RelationalCommand.ExecuteReaderAsync(RelationalCommandParameterObject parameterObject, CancellationToken cancellationToken)
   at Microsoft.EntityFrameworkCore.Update.ReaderModificationCommandBatch.ExecuteAsync(IRelationalConnection connection, CancellationToken cancellationToken)
ClientConnectionId:3986909e-1665-4497-910a-efeebd20e8a7
Error Number:515,State:2,Class:16
   --- End of inner exception stack trace ---
   at AdminCategoryService.Manager.AdminManager.AddCategory(Category obj) in G:\CTS45\angular\EmartApi\AdminCategoryService\AdminCategoryService\Manager\AdminManager.cs:line 30
   at AdminCategoryService.Controllers.AdminServiceController.Addcategory(Category obj) in G:\CTS45\angular\EmartApi\AdminCategoryService\AdminCategoryService\Controllers\AdminServiceController.cs:line 34
   at Microsoft.AspNetCore.Mvc.Infrastructure.ActionMethodExecutor.TaskOfIActionResultExecutor.Execute(IActionResultTypeMapper mapper, ObjectMethodExecutor executor, Object controller, Object[] arguments)
   at Microsoft.AspNetCore.Mvc.Infrastructure.ControllerActionInvoker.<InvokeActionMethodAsync>g__Awaited|12_0(ControllerActionInvoker invoker, ValueTask`1 actionResultValueTask)
   at Microsoft.AspNetCore.Mvc.Infrastructure.ControllerActionInvoker.<InvokeNextActionFilterAsync>g__Awaited|10_0(ControllerActionInvoker invoker, Task lastTask, State next, Scope scope, Object state, Boolean isCompleted)
   at Microsoft.AspNetCore.Mvc.Infrastructure.ControllerActionInvoker.Rethrow(ActionExecutedContextSealed context)
   at Microsoft.AspNetCore.Mvc.Infrastructure.ControllerActionInvoker.Next(State& next, Scope& scope, Object& state, Boolean& isCompleted)
   at Microsoft.AspNetCore.Mvc.Infrastructure.ControllerActionInvoker.<InvokeInnerFilterAsync>g__Awaited|13_0(ControllerActionInvoker invoker, Task lastTask, State next, Scope scope, Object state, Boolean isCompleted)
   at Microsoft.AspNetCore.Mvc.Infrastructure.ResourceInvoker.<InvokeNextResourceFilter>g__Awaited|24_0(ResourceInvoker invoker, Task lastTask, State next, Scope scope, Object state, Boolean isCompleted)
   at Microsoft.AspNetCore.Mvc.Infrastructure.ResourceInvoker.Rethrow(ResourceExecutedContextSealed context)
   at Microsoft.AspNetCore.Mvc.Infrastructure.ResourceInvoker.Next(State& next, Scope& scope, Object& state, Boolean& isCompleted)
   at Microsoft.AspNetCore.Mvc.Infrastructure.ResourceInvoker.<InvokeFilterPipelineAsync>g__Awaited|19_0(ResourceInvoker invoker, Task lastTask, State next, Scope scope, Object state, Boolean isCompleted)
   at Microsoft.AspNetCore.Mvc.Infrastructure.ResourceInvoker.<InvokeAsync>g__Awaited|17_0(ResourceInvoker invoker, Task task, IDisposable scope)
   at Microsoft.AspNetCore.Routing.EndpointMiddleware.<Invoke>g__AwaitRequestTask|6_0(Endpoint endpoint, Task requestTask, ILogger logger)
   at Microsoft.AspNetCore.Authorization.AuthorizationMiddleware.Invoke(HttpContext context)
   at Microsoft.AspNetCore.Diagnostics.ExceptionHandlerMiddleware.<Invoke>g__Awaited|6_0(ExceptionHandlerMiddleware middleware, HttpContext context, Task task)
2020-05-09 10:38:13.0198||DEBUG|AdminCategoryService.Program|init main function 
2020-05-09 10:44:04.1346||INFO|AdminCategoryService.Controllers.AdminServiceController|Returning 7 users 
2020-05-09 10:45:27.3662||INFO|AdminCategoryService.Controllers.AdminServiceController|Returning 7 users 
2020-05-09 10:46:51.5299||INFO|AdminCategoryService.Controllers.AdminServiceController|Returning 7 users 
2020-05-09 10:47:34.3134||INFO|AdminCategoryService.Controllers.AdminServiceController|Returning 7 users 
2020-05-09 10:48:12.1051||INFO|AdminCategoryService.Controllers.AdminServiceController|Returning 7 users 
2020-05-09 10:48:16.2171||INFO|AdminCategoryService.Controllers.AdminServiceController|Returning 7 users 
2020-05-09 10:48:44.2248||INFO|AdminCategoryService.Controllers.AdminServiceController|Returning 7 users 
2020-05-09 10:49:17.0366||INFO|AdminCategoryService.Controllers.AdminServiceController|Returning 7 users 
2020-05-09 10:49:20.8744||INFO|AdminCategoryService.Controllers.AdminServiceController|Returning 7 users 
2020-05-09 10:49:29.2970||INFO|AdminCategoryService.Controllers.AdminServiceController|Returning 7 users 
2020-05-09 10:49:40.2177||INFO|AdminCategoryService.Controllers.AdminServiceController|Returning 7 users 
2020-05-09 10:52:41.9351||INFO|AdminCategoryService.Controllers.AdminServiceController|Returning 7 users 
2020-05-09 10:52:46.4127||INFO|AdminCategoryService.Controllers.AdminServiceController|Returning 7 users 
2020-05-09 10:52:54.7409||INFO|AdminCategoryService.Controllers.AdminServiceController|Returning 7 users 
2020-05-09 10:52:56.7049||INFO|AdminCategoryService.Controllers.AdminServiceController|Returning 7 users 
2020-05-09 10:53:18.7340||INFO|AdminCategoryService.Controllers.AdminServiceController|Returning 7 users 
2020-05-09 10:54:01.3277||INFO|AdminCategoryService.Controllers.AdminServiceController|Returning 7 users 
2020-05-09 10:54:11.9874||INFO|AdminCategoryService.Controllers.AdminServiceController|Returning 7 users 
2020-05-09 10:54:14.9653||INFO|AdminCategoryService.Controllers.AdminServiceController|Returning 3 sellers 
2020-05-09 10:54:16.4212||INFO|AdminCategoryService.Controllers.AdminServiceController|Returning 7 users 
2020-05-09 10:55:03.5202||INFO|AdminCategoryService.Controllers.AdminServiceController|Returning 7 users 
2020-05-09 10:55:05.8408||INFO|AdminCategoryService.Controllers.AdminServiceController|Returning 7 users 
2020-05-09 10:55:09.4648||INFO|AdminCategoryService.Controllers.AdminServiceController|Returning 7 users 
2020-05-09 10:55:43.2399||INFO|AdminCategoryService.Controllers.AdminServiceController|Returning 7 users 
2020-05-09 10:55:45.2898||INFO|AdminCategoryService.Controllers.AdminServiceController|Returning 7 users 
2020-05-09 10:55:46.8765||INFO|AdminCategoryService.Controllers.AdminServiceController|Returning 7 users 
2020-05-09 10:56:22.8527||INFO|AdminCategoryService.Controllers.AdminServiceController|Returning 7 users 
2020-05-09 10:56:24.2958||INFO|AdminCategoryService.Controllers.AdminServiceController|Returning 7 users 
2020-05-09 10:58:06.4857||INFO|AdminCategoryService.Controllers.AdminServiceController|Returning 7 users 
2020-05-09 10:58:07.8601||INFO|AdminCategoryService.Controllers.AdminServiceController|Returning 7 users 
2020-05-09 10:58:25.3430||INFO|AdminCategoryService.Controllers.AdminServiceController|Returning 7 users 
2020-05-09 10:58:32.2176||INFO|AdminCategoryService.Controllers.AdminServiceController|Returning 7 users 
2020-05-09 10:58:34.9182||INFO|AdminCategoryService.Controllers.AdminServiceController|Returning 7 users 
2020-05-09 10:58:56.2720||INFO|AdminCategoryService.Controllers.AdminServiceController|Returning 7 users 
2020-05-09 10:58:58.2733||INFO|AdminCategoryService.Controllers.AdminServiceController|Returning 7 users 
2020-05-09 10:59:07.2640||INFO|AdminCategoryService.Controllers.AdminServiceController|Returning 7 users 
2020-05-09 10:59:07.4119||INFO|AdminCategoryService.Controllers.AdminServiceController|Returning 7 users 
2020-05-09 10:59:38.6919||INFO|AdminCategoryService.Controllers.AdminServiceController|Returning 7 users 
2020-05-09 10:59:39.8280||INFO|AdminCategoryService.Controllers.AdminServiceController|Returning 7 users 
2020-05-09 11:00:30.4542||INFO|AdminCategoryService.Controllers.AdminServiceController|Returning 7 users 
2020-05-09 11:00:30.8609||INFO|AdminCategoryService.Controllers.AdminServiceController|Returning 7 users 
2020-05-09 11:00:36.8291||INFO|AdminCategoryService.Controllers.AdminServiceController|Returning 7 users 
2020-05-09 11:00:37.7705||INFO|AdminCategoryService.Controllers.AdminServiceController|Returning 7 users 
2020-05-09 11:00:51.5948||INFO|AdminCategoryService.Controllers.AdminServiceController|Returning 7 users 
2020-05-09 11:00:52.6197||INFO|AdminCategoryService.Controllers.AdminServiceController|Returning 7 users 
2020-05-09 11:01:06.5887||INFO|AdminCategoryService.Controllers.AdminServiceController|Returning 7 users 
2020-05-09 13:04:16.5960||DEBUG|AdminCategoryService.Program|init main function 
2020-05-09 13:04:40.5858||INFO|AdminCategoryService.Controllers.AdminServiceController|Returning 38 categories. 
2020-05-09 13:04:43.5257||INFO|AdminCategoryService.Controllers.AdminServiceController|Returning 38 categories. 
2020-05-09 13:04:44.3555||INFO|AdminCategoryService.Controllers.AdminServiceController|Returning 7 users 
2020-05-09 13:04:53.7158||INFO|AdminCategoryService.Controllers.AdminServiceController|Returning 3 sellers 
2020-05-09 13:23:48.0288||INFO|AdminCategoryService.Controllers.AdminServiceController|Returning 7 users 
2020-05-09 13:23:48.9920||INFO|AdminCategoryService.Controllers.AdminServiceController|Returning 3 sellers 
2020-05-09 13:23:50.8673||INFO|AdminCategoryService.Controllers.AdminServiceController|Returning 7 users 
2020-05-09 13:23:53.5987||INFO|AdminCategoryService.Controllers.AdminServiceController|Returning 3 sellers 
2020-05-09 13:23:59.5178||INFO|AdminCategoryService.Controllers.AdminServiceController|Returning 7 users 
2020-05-09 13:24:00.2122||INFO|AdminCategoryService.Controllers.AdminServiceController|Returning 38 categories. 
2020-05-09 13:24:01.5908||INFO|AdminCategoryService.Controllers.AdminServiceController|Returning 38 categories. 
2020-05-09 13:24:02.2194||INFO|AdminCategoryService.Controllers.AdminServiceController|Returning 7 users 
2020-05-09 13:24:03.2898||INFO|AdminCategoryService.Controllers.AdminServiceController|Returning 3 sellers 
2020-05-09 13:24:04.9132||INFO|AdminCategoryService.Controllers.AdminServiceController|Returning 38 categories. 
2020-05-09 13:42:35.9929||INFO|AdminCategoryService.Controllers.AdminServiceController|Returning 38 categories. 
2020-05-09 13:43:23.9151||INFO|AdminCategoryService.Controllers.AdminServiceController|Returning 38 categories. 
2020-05-09 13:43:43.7043||INFO|AdminCategoryService.Controllers.AdminServiceController|Returning 38 categories. 
2020-05-09 13:44:09.2413||INFO|AdminCategoryService.Controllers.AdminServiceController|Returning 38 categories. 
2020-05-09 13:44:15.2091||INFO|AdminCategoryService.Controllers.AdminServiceController|Returning 38 categories. 
2020-05-09 13:44:20.6177||INFO|AdminCategoryService.Controllers.AdminServiceController|Returning 38 categories. 
2020-05-09 13:44:35.8346||INFO|AdminCategoryService.Controllers.AdminServiceController|Returning 38 categories. 
2020-05-09 13:44:56.4107||INFO|AdminCategoryService.Controllers.AdminServiceController|Returning 38 categories. 
2020-05-09 13:45:04.0475||INFO|AdminCategoryService.Controllers.AdminServiceController|Returning 38 categories. 
2020-05-09 13:45:33.0326||INFO|AdminCategoryService.Controllers.AdminServiceController|Returning 38 categories. 
2020-05-09 13:46:04.7490||INFO|AdminCategoryService.Controllers.AdminServiceController|Returning 38 categories. 
2020-05-09 13:46:17.5446||INFO|AdminCategoryService.Controllers.AdminServiceController|Returning 38 categories. 
2020-05-09 13:46:32.6756||INFO|AdminCategoryService.Controllers.AdminServiceController|Returning 38 categories. 
2020-05-09 13:46:57.8706||INFO|AdminCategoryService.Controllers.AdminServiceController|Returning 38 categories. 
2020-05-09 13:47:11.8019||INFO|AdminCategoryService.Controllers.AdminServiceController|Returning 38 categories. 
2020-05-09 13:47:25.7820||INFO|AdminCategoryService.Controllers.AdminServiceController|Returning 38 categories. 
2020-05-09 13:47:35.7649||INFO|AdminCategoryService.Controllers.AdminServiceController|Returning 38 categories. 
2020-05-09 13:47:44.2452||INFO|AdminCategoryService.Controllers.AdminServiceController|Returning 38 categories. 
2020-05-09 13:48:25.6621||INFO|AdminCategoryService.Controllers.AdminServiceController|Returning 38 categories. 
2020-05-09 13:48:27.8803||INFO|AdminCategoryService.Controllers.AdminServiceController|Returning 38 categories. 
2020-05-09 13:48:34.9172||INFO|AdminCategoryService.Controllers.AdminServiceController|Returning 7 users 
2020-05-09 13:48:36.9675||INFO|AdminCategoryService.Controllers.AdminServiceController|Returning 3 sellers 
2020-05-09 13:49:14.4284||INFO|AdminCategoryService.Controllers.AdminServiceController|Returning 38 categories. 
2020-05-09 13:49:17.3383||INFO|AdminCategoryService.Controllers.AdminServiceController|Returning 3 sellers 
2020-05-09 13:49:20.9893||INFO|AdminCategoryService.Controllers.AdminServiceController|Returning 38 categories. 
2020-05-09 13:49:30.9691||INFO|AdminCategoryService.Controllers.AdminServiceController|Returning 3 sellers 
2020-05-09 13:49:31.3177||INFO|AdminCategoryService.Controllers.AdminServiceController|Returning 38 categories. 
2020-05-09 13:49:34.5941||INFO|AdminCategoryService.Controllers.AdminServiceController|Returning 3 sellers 
2020-05-09 13:49:47.7749||INFO|AdminCategoryService.Controllers.AdminServiceController|Returning 3 sellers 
2020-05-09 13:49:48.5050||INFO|AdminCategoryService.Controllers.AdminServiceController|Returning 38 categories. 
2020-05-09 13:49:51.5525||INFO|AdminCategoryService.Controllers.AdminServiceController|Returning 3 sellers 
2020-05-09 13:49:55.8136||INFO|AdminCategoryService.Controllers.AdminServiceController|Returning 38 categories. 
2020-05-09 13:49:58.0595||INFO|AdminCategoryService.Controllers.AdminServiceController|Returning 38 categories. 
2020-05-09 13:50:28.3538||INFO|AdminCategoryService.Controllers.AdminServiceController|Returning 38 categories. 
2020-05-09 13:50:29.5188||INFO|AdminCategoryService.Controllers.AdminServiceController|Returning 38 categories. 
2020-05-09 13:51:27.0800||INFO|AdminCategoryService.Controllers.AdminServiceController|Returning 38 categories. 
2020-05-09 13:51:27.2121||INFO|AdminCategoryService.Controllers.AdminServiceController|Returning 38 categories. 
2020-05-09 13:55:45.6890||INFO|AdminCategoryService.Controllers.AdminServiceController|Returning 38 categories. 
2020-05-09 13:55:47.2317||INFO|AdminCategoryService.Controllers.AdminServiceController|Returning 38 categories. 
2020-05-09 13:56:05.8324||INFO|AdminCategoryService.Controllers.AdminServiceController|Returning 38 categories. 
2020-05-09 13:56:06.6743||INFO|AdminCategoryService.Controllers.AdminServiceController|Returning 38 categories. 
2020-05-09 13:56:13.6349||INFO|AdminCategoryService.Controllers.AdminServiceController|Returning 38 categories. 
2020-05-09 13:56:15.4847||INFO|AdminCategoryService.Controllers.AdminServiceController|Returning 38 categories. 
2020-05-09 13:56:21.0333||INFO|AdminCategoryService.Controllers.AdminServiceController|Returning 38 categories. 
2020-05-09 13:56:24.5261||INFO|AdminCategoryService.Controllers.AdminServiceController|Returning 38 categories. 
2020-05-09 13:56:37.5624||INFO|AdminCategoryService.Controllers.AdminServiceController|Returning 38 categories. 
2020-05-09 13:56:38.3252||INFO|AdminCategoryService.Controllers.AdminServiceController|Returning 38 categories. 
2020-05-09 13:57:00.2402||INFO|AdminCategoryService.Controllers.AdminServiceController|Returning 38 categories. 
2020-05-09 13:57:00.4498||INFO|AdminCategoryService.Controllers.AdminServiceController|Returning 38 categories. 
2020-05-09 13:57:05.6305||INFO|AdminCategoryService.Controllers.AdminServiceController|Returning 38 categories. 
2020-05-09 13:57:06.4968||INFO|AdminCategoryService.Controllers.AdminServiceController|Returning 38 categories. 
2020-05-09 13:57:14.6460||INFO|AdminCategoryService.Controllers.AdminServiceController|Returning 38 categories. 
2020-05-09 13:57:15.4417||INFO|AdminCategoryService.Controllers.AdminServiceController|Returning 38 categories. 
2020-05-09 14:04:09.5819||INFO|AdminCategoryService.Controllers.AdminServiceController|Returning 38 categories. 
2020-05-09 14:05:51.5239||INFO|AdminCategoryService.Controllers.AdminServiceController|Returning 38 categories. 
2020-05-09 14:05:52.8880||INFO|AdminCategoryService.Controllers.AdminServiceController|Returning 38 categories. 
2020-05-09 14:05:56.0345||INFO|AdminCategoryService.Controllers.AdminServiceController|Returning 38 categories. 
2020-05-09 14:06:10.0484|1|ERROR|Microsoft.AspNetCore.Diagnostics.ExceptionHandlerMiddleware|An unhandled exception has occurred while executing the request. System.ArgumentNullException: Value cannot be null. (Parameter 'entity')
   at Microsoft.EntityFrameworkCore.Utilities.Check.NotNull[T](T value, String parameterName)
   at Microsoft.EntityFrameworkCore.DbContext.Remove[TEntity](TEntity entity)
   at AdminCategoryService.Repository.AdminRepositoty.DeletCategory(Int32 cid) in G:\CTS45\angular\EmartApi\AdminCategoryService\AdminCategoryService\Repository\AdminRepositoty.cs:line 62
   at AdminCategoryService.Manager.AdminManager.DeletCategory(Int32 cid) in G:\CTS45\angular\EmartApi\AdminCategoryService\AdminCategoryService\Manager\AdminManager.cs:line 44
   at AdminCategoryService.Controllers.AdminServiceController.DeleteCategory(Int32 cid) in G:\CTS45\angular\EmartApi\AdminCategoryService\AdminCategoryService\Controllers\AdminServiceController.cs:line 124
   at lambda_method(Closure , Object , Object[] )
   at Microsoft.AspNetCore.Mvc.Infrastructure.ActionMethodExecutor.SyncActionResultExecutor.Execute(IActionResultTypeMapper mapper, ObjectMethodExecutor executor, Object controller, Object[] arguments)
   at Microsoft.AspNetCore.Mvc.Infrastructure.ControllerActionInvoker.InvokeActionMethodAsync()
   at Microsoft.AspNetCore.Mvc.Infrastructure.ControllerActionInvoker.Next(State& next, Scope& scope, Object& state, Boolean& isCompleted)
   at Microsoft.AspNetCore.Mvc.Infrastructure.ControllerActionInvoker.InvokeNextActionFilterAsync()
--- End of stack trace from previous location where exception was thrown ---
   at Microsoft.AspNetCore.Mvc.Infrastructure.ControllerActionInvoker.Rethrow(ActionExecutedContextSealed context)
   at Microsoft.AspNetCore.Mvc.Infrastructure.ControllerActionInvoker.Next(State& next, Scope& scope, Object& state, Boolean& isCompleted)
   at Microsoft.AspNetCore.Mvc.Infrastructure.ControllerActionInvoker.InvokeInnerFilterAsync()
--- End of stack trace from previous location where exception was thrown ---
   at Microsoft.AspNetCore.Mvc.Infrastructure.ResourceInvoker.<InvokeNextResourceFilter>g__Awaited|24_0(ResourceInvoker invoker, Task lastTask, State next, Scope scope, Object state, Boolean isCompleted)
   at Microsoft.AspNetCore.Mvc.Infrastructure.ResourceInvoker.Rethrow(ResourceExecutedContextSealed context)
   at Microsoft.AspNetCore.Mvc.Infrastructure.ResourceInvoker.Next(State& next, Scope& scope, Object& state, Boolean& isCompleted)
   at Microsoft.AspNetCore.Mvc.Infrastructure.ResourceInvoker.InvokeFilterPipelineAsync()
--- End of stack trace from previous location where exception was thrown ---
   at Microsoft.AspNetCore.Mvc.Infrastructure.ResourceInvoker.<InvokeAsync>g__Awaited|17_0(ResourceInvoker invoker, Task task, IDisposable scope)
   at Microsoft.AspNetCore.Routing.EndpointMiddleware.<Invoke>g__AwaitRequestTask|6_0(Endpoint endpoint, Task requestTask, ILogger logger)
   at Microsoft.AspNetCore.Authorization.AuthorizationMiddleware.Invoke(HttpContext context)
   at Microsoft.AspNetCore.Diagnostics.ExceptionHandlerMiddleware.<Invoke>g__Awaited|6_0(ExceptionHandlerMiddleware middleware, HttpContext context, Task task)
2020-05-09 14:07:00.2353||INFO|AdminCategoryService.Controllers.AdminServiceController|Returning 37 categories. 
2020-05-09 14:07:21.6262||INFO|AdminCategoryService.Controllers.AdminServiceController|Returning 36 categories. 
2020-05-09 14:08:08.0713||INFO|AdminCategoryService.Controllers.AdminServiceController|Returning 34 categories. 
2020-05-09 14:08:09.3200||INFO|AdminCategoryService.Controllers.AdminServiceController|Returning 34 categories. 
2020-05-09 14:08:21.3969||INFO|AdminCategoryService.Controllers.AdminServiceController|Returning 33 categories. 
2020-05-09 14:08:58.2146||INFO|AdminCategoryService.Controllers.AdminServiceController|Returning 33 categories. 
2020-05-09 14:08:58.4989||INFO|AdminCategoryService.Controllers.AdminServiceController|Returning 33 categories. 
2020-05-09 14:09:09.9916||INFO|AdminCategoryService.Controllers.AdminServiceController|Returning 33 categories. 
2020-05-09 14:09:10.6036||INFO|AdminCategoryService.Controllers.AdminServiceController|Returning 33 categories. 
2020-05-09 14:09:20.9415||INFO|AdminCategoryService.Controllers.AdminServiceController|Returning 33 categories. 
2020-05-09 14:09:21.2809||INFO|AdminCategoryService.Controllers.AdminServiceController|Returning 33 categories. 
2020-05-09 14:09:38.9950||INFO|AdminCategoryService.Controllers.AdminServiceController|Returning 33 categories. 
2020-05-09 14:09:40.6705||INFO|AdminCategoryService.Controllers.AdminServiceController|Returning 33 categories. 
2020-05-09 14:09:50.7600||INFO|AdminCategoryService.Controllers.AdminServiceController|Returning 33 categories. 
2020-05-09 14:09:51.6115||INFO|AdminCategoryService.Controllers.AdminServiceController|Returning 33 categories. 
2020-05-09 14:10:16.2738||INFO|AdminCategoryService.Controllers.AdminServiceController|Returning 33 categories. 
2020-05-09 14:10:17.7699||INFO|AdminCategoryService.Controllers.AdminServiceController|Returning 33 categories. 
2020-05-09 14:10:42.9273||INFO|AdminCategoryService.Controllers.AdminServiceController|Returning 33 categories. 
2020-05-09 14:10:43.6812||INFO|AdminCategoryService.Controllers.AdminServiceController|Returning 33 categories. 
2020-05-09 14:11:01.3025||INFO|AdminCategoryService.Controllers.AdminServiceController|Returning 33 categories. 
2020-05-09 14:11:01.4509||INFO|AdminCategoryService.Controllers.AdminServiceController|Returning 33 categories. 
2020-05-09 14:11:07.6494||INFO|AdminCategoryService.Controllers.AdminServiceController|Returning 33 categories. 
2020-05-09 14:11:08.2804||INFO|AdminCategoryService.Controllers.AdminServiceController|Returning 33 categories. 
2020-05-09 14:11:13.7243||INFO|AdminCategoryService.Controllers.AdminServiceController|Returning 33 categories. 
2020-05-09 14:11:15.7609||INFO|AdminCategoryService.Controllers.AdminServiceController|Returning 33 categories. 
2020-05-09 14:11:25.0824||INFO|AdminCategoryService.Controllers.AdminServiceController|Returning 33 categories. 
2020-05-09 14:11:25.6816||INFO|AdminCategoryService.Controllers.AdminServiceController|Returning 33 categories. 
2020-05-09 14:11:27.0093||INFO|AdminCategoryService.Controllers.AdminServiceController|Returning 7 users 
2020-05-09 14:11:27.6675||INFO|AdminCategoryService.Controllers.AdminServiceController|Returning 3 sellers 
2020-05-09 14:11:46.6914||INFO|AdminCategoryService.Controllers.AdminServiceController|Returning 3 sellers 
2020-05-09 14:11:49.8957||INFO|AdminCategoryService.Controllers.AdminServiceController|Returning 33 categories. 
2020-05-09 14:11:56.1296||INFO|AdminCategoryService.Controllers.AdminServiceController|Returning 3 sellers 
2020-05-09 14:11:56.8458||INFO|AdminCategoryService.Controllers.AdminServiceController|Returning 33 categories. 
2020-05-09 14:12:06.4639||INFO|AdminCategoryService.Controllers.AdminServiceController|Returning 3 sellers 
2020-05-09 14:12:07.3216||INFO|AdminCategoryService.Controllers.AdminServiceController|Returning 33 categories. 
2020-05-09 14:12:09.5497||INFO|AdminCategoryService.Controllers.AdminServiceController|Returning 3 sellers 
2020-05-09 14:12:13.8161||INFO|AdminCategoryService.Controllers.AdminServiceController|Returning 33 categories. 
2020-05-09 14:12:23.4473||INFO|AdminCategoryService.Controllers.AdminServiceController|Returning 3 sellers 
2020-05-09 14:12:23.9976||INFO|AdminCategoryService.Controllers.AdminServiceController|Returning 33 categories. 
2020-05-09 14:12:59.9060||INFO|AdminCategoryService.Controllers.AdminServiceController|Returning 3 sellers 
2020-05-09 14:13:01.0256||INFO|AdminCategoryService.Controllers.AdminServiceController|Returning 33 categories. 
2020-05-09 14:13:08.5199||INFO|AdminCategoryService.Controllers.AdminServiceController|Returning 3 sellers 
2020-05-09 14:13:09.4772||INFO|AdminCategoryService.Controllers.AdminServiceController|Returning 33 categories. 
2020-05-09 14:13:27.2967||INFO|AdminCategoryService.Controllers.AdminServiceController|Returning 3 sellers 
2020-05-09 14:13:28.1472||INFO|AdminCategoryService.Controllers.AdminServiceController|Returning 33 categories. 
2020-05-09 14:13:35.0908||INFO|AdminCategoryService.Controllers.AdminServiceController|Returning 3 sellers 
2020-05-09 14:13:35.5702||INFO|AdminCategoryService.Controllers.AdminServiceController|Returning 3 sellers 
2020-05-09 14:13:35.9771||INFO|AdminCategoryService.Controllers.AdminServiceController|Returning 33 categories. 
2020-05-09 14:13:44.4971||INFO|AdminCategoryService.Controllers.AdminServiceController|Returning 3 sellers 
2020-05-09 14:13:45.3015||INFO|AdminCategoryService.Controllers.AdminServiceController|Returning 33 categories. 
2020-05-09 14:13:48.4706||INFO|AdminCategoryService.Controllers.AdminServiceController|Returning 33 categories. 
2020-05-09 14:13:49.2579||INFO|AdminCategoryService.Controllers.AdminServiceController|Returning 33 categories. 
2020-05-09 14:13:50.5877||INFO|AdminCategoryService.Controllers.AdminServiceController|Returning 7 users 
2020-05-09 14:14:04.8908||INFO|AdminCategoryService.Controllers.AdminServiceController|Returning 3 sellers 
2020-05-09 14:17:04.8836||INFO|AdminCategoryService.Controllers.AdminServiceController|Returning 3 sellers 
2020-05-09 14:17:05.0640||INFO|AdminCategoryService.Controllers.AdminServiceController|Returning 33 categories. 
2020-05-09 14:17:10.8647||INFO|AdminCategoryService.Controllers.AdminServiceController|Returning 3 sellers 
2020-05-09 14:17:11.6580||INFO|AdminCategoryService.Controllers.AdminServiceController|Returning 33 categories. 
2020-05-09 14:17:15.6723||INFO|AdminCategoryService.Controllers.AdminServiceController|Returning 3 sellers 
2020-05-09 14:17:16.3834||INFO|AdminCategoryService.Controllers.AdminServiceController|Returning 33 categories. 
2020-05-09 14:17:21.8943||INFO|AdminCategoryService.Controllers.AdminServiceController|Returning 3 sellers 
2020-05-09 14:17:22.6629||INFO|AdminCategoryService.Controllers.AdminServiceController|Returning 33 categories. 
2020-05-09 14:17:33.4508||INFO|AdminCategoryService.Controllers.AdminServiceController|Returning 3 sellers 
2020-05-09 14:17:34.2552||INFO|AdminCategoryService.Controllers.AdminServiceController|Returning 33 categories. 
2020-05-09 14:17:47.9560||INFO|AdminCategoryService.Controllers.AdminServiceController|Returning 3 sellers 
2020-05-09 14:17:48.3643||INFO|AdminCategoryService.Controllers.AdminServiceController|Returning 33 categories. 
2020-05-09 14:17:53.5442||INFO|AdminCategoryService.Controllers.AdminServiceController|Returning 3 sellers 
2020-05-09 14:17:54.2639||INFO|AdminCategoryService.Controllers.AdminServiceController|Returning 33 categories. 
2020-05-09 14:17:58.1988||INFO|AdminCategoryService.Controllers.AdminServiceController|Returning 33 categories. 
2020-05-09 14:19:12.0664||INFO|AdminCategoryService.Controllers.AdminServiceController|Returning 33 categories. 
2020-05-09 14:19:13.5052||INFO|AdminCategoryService.Controllers.AdminServiceController|Returning 33 categories. 
2020-05-09 14:19:14.3075||INFO|AdminCategoryService.Controllers.AdminServiceController|Returning 33 categories. 
2020-05-09 14:21:01.2296||INFO|AdminCategoryService.Controllers.AdminServiceController|fetching  all subcategories 
2020-05-09 14:21:03.0140||INFO|AdminCategoryService.Controllers.AdminServiceController|Returning 33 categories. 
2020-05-09 14:22:37.0525||INFO|AdminCategoryService.Controllers.AdminServiceController|fetching  all subcategories 
2020-05-09 14:22:42.6390||INFO|AdminCategoryService.Controllers.AdminServiceController|Returning 3 sellers 
2020-05-09 14:22:43.5472||INFO|AdminCategoryService.Controllers.AdminServiceController|Returning 7 users 
2020-05-09 14:22:44.1723||INFO|AdminCategoryService.Controllers.AdminServiceController|fetching  all subcategories 
2020-05-09 14:22:44.6952||INFO|AdminCategoryService.Controllers.AdminServiceController|Returning 33 categories. 
2020-05-09 14:22:45.2778||INFO|AdminCategoryService.Controllers.AdminServiceController|Returning 33 categories. 
2020-05-09 14:22:47.1863||INFO|AdminCategoryService.Controllers.AdminServiceController|Returning 33 categories. 
2020-05-09 14:45:14.4914||INFO|AdminCategoryService.Controllers.AdminServiceController|Returning 33 categories. 
2020-05-09 14:45:15.2068||INFO|AdminCategoryService.Controllers.AdminServiceController|Returning 33 categories. 
2020-05-09 14:45:16.2010||INFO|AdminCategoryService.Controllers.AdminServiceController|fetching  all subcategories 
2020-05-09 14:45:17.2490||INFO|AdminCategoryService.Controllers.AdminServiceController|Returning 7 users 
2020-05-09 14:45:18.3592||INFO|AdminCategoryService.Controllers.AdminServiceController|Returning 3 sellers 
2020-05-09 14:51:14.9105||INFO|AdminCategoryService.Controllers.AdminServiceController|Returning 33 categories. 
2020-05-09 15:55:57.9508||DEBUG|AdminCategoryService.Program|init main function 
2020-05-09 15:55:59.1541||INFO|AdminCategoryService.Controllers.AdminServiceController|fetching  all subcategories 
2020-05-09 15:56:00.4963||INFO|AdminCategoryService.Controllers.AdminServiceController|Returning 33 categories. 
2020-05-09 15:56:00.6163||INFO|AdminCategoryService.Controllers.AdminServiceController|Returning 33 categories. 
2020-05-09 15:56:00.7668||INFO|AdminCategoryService.Controllers.AdminServiceController|Returning 7 users 
2020-05-09 15:56:01.7641||INFO|AdminCategoryService.Controllers.AdminServiceController|Returning 3 sellers 
2020-05-09 15:56:02.8848||INFO|AdminCategoryService.Controllers.AdminServiceController|Returning 33 categories. 
2020-05-09 15:56:03.8633||INFO|AdminCategoryService.Controllers.AdminServiceController|Returning 33 categories. 
2020-05-09 15:56:06.2081||INFO|AdminCategoryService.Controllers.AdminServiceController|Returning 33 categories. 
2020-05-09 15:56:06.8930||INFO|AdminCategoryService.Controllers.AdminServiceController|Returning 33 categories. 
2020-05-09 15:56:07.6168||INFO|AdminCategoryService.Controllers.AdminServiceController|fetching  all subcategories 
2020-05-09 15:56:08.9885||INFO|AdminCategoryService.Controllers.AdminServiceController|Returning 7 users 
2020-05-09 15:56:10.3927||INFO|AdminCategoryService.Controllers.AdminServiceController|Returning 3 sellers 
2020-05-09 15:56:16.6918||INFO|AdminCategoryService.Controllers.AdminServiceController|fetching  all subcategories 
2020-05-09 15:56:18.3790||INFO|AdminCategoryService.Controllers.AdminServiceController|Returning 33 categories. 
2020-05-09 17:14:23.9742||DEBUG|AdminCategoryService.Program|init main function 
2020-05-09 17:14:25.9457||INFO|AdminCategoryService.Controllers.AdminServiceController|Returning 33 categories. 
2020-05-09 17:14:26.0664||INFO|AdminCategoryService.Controllers.AdminServiceController|Returning 33 categories. 
2020-05-09 17:14:26.5152||INFO|AdminCategoryService.Controllers.AdminServiceController|fetching  all subcategories 
2020-05-09 17:14:28.2764||INFO|AdminCategoryService.Controllers.AdminServiceController|Returning 7 users 
2020-05-09 17:14:29.5876||INFO|AdminCategoryService.Controllers.AdminServiceController|Returning 3 sellers 
2020-05-09 17:16:40.0378||INFO|AdminCategoryService.Controllers.AdminServiceController|Returning 33 categories. 
